<?xml version="1.0" encoding="UTF-8"?>
<!-- Generated by org.testng.reporters.JUnitReportReporter -->
<testsuite hostname="DESKTOP-C4LB74J" failures="0" tests="1" name="com.aaa.demo.PracticeTest" time="27.518" errors="0" timestamp="2023-07-05T22:25:51 IST" skipped="0">
  <testcase classname="com.aaa.demo.PracticeTest" name="testOne" time="27.518"/>
  <system-out/>
</testsuite> <!-- com.aaa.demo.PracticeTest -->
